hlcsg v3.4 VL34 64-bit (Aug 17 2015)
Zoner's Half-Life Compilation Tools -- Custom Build
Based on code modifications by Sean 'Zoner' Cavanaugh
Based on Valve's version, modified with permission.
Submit detailed bug reports to (vluzacn@163.com)
-----  BEGIN  hlcsg -----
Command line: "C:\Users\ethan\OneDrive\Desktop\NZP Map Making tools\tools\hlcsg_x64.exe" "C:\Users\ethan\OneDrive\Desktop\NZP Map Making tools\nazi-zombies-portable-windows-x86_64\nzp\maps/titanic.map" -nowadtextures 
Arguments: "C:\Users\ethan\OneDrive\Desktop\NZP Map Making tools\nazi-zombies-portable-windows-x86_64\nzp\maps/titanic.map" -nowadtextures -low -wadautodetect 
Entering C:\Users\ethan\OneDrive\Desktop\NZP Map Making tools\nazi-zombies-portable-windows-x86_64\nzp\maps\titanic.map

Current hlcsg Settings
Name                 |  Setting  |  Default
---------------------|-----------|-------------------------
threads               [      16 ] [  Varies ]
verbose               [     off ] [     off ]
log                   [      on ] [      on ]
reset logfile         [      on ] [      on ]
developer             [       0 ] [       0 ]
chart                 [     off ] [     off ]
estimate              [     off ] [     off ]
max texture memory    [ 33554432 ] [ 33554432 ]
max lighting memory   [ 50331648 ] [ 50331648 ]
priority              [     Low ] [  Normal ]

noclip                [     off ] [     off ]
null texture stripping[      on ] [      on ]
clipnode economy mode [     off ] [     off ]
clip hull type        [  simple ] [  simple ]
onlyents              [     off ] [     off ]
wadtextures           [     off ] [      on ]
skyclip               [      on ] [      on ]
hullfile              [    None ] [    None ]
wad configuration file[    None ] [    None ]
wad.cfg group name    [    None ] [    None ]
nullfile              [    None ] [    None ]
nullify trigger       [      on ] [      on ]
min surface area      [   0.000 ] [   0.000 ]
brush union threshold [   0.000 ] [   0.000 ]
map scaling           [    None ] [    None ]
light name optimize   [      on ] [      on ]
convert game_text     [      on ] [      on ]

Using mapfile wad configuration
Wadfiles not in use by the map will be excluded
Wadinclude list :
[zhlt.wad]

CreateBrush:
 (0.02 seconds)
CSGBrush:
 (0.24 seconds)

added 3 additional animating textures.
Including Wadfile: C:/Users/ethan/OneDrive/Desktop/NZP Map Making tools/titanicTextures.wad
 - Contains 16 used textures, 100.00 percent of map (3128 textures in wad)

Wad files required to run the map: (None)
Texture usage is at 0.16 mb (of 32.00 mb MAX)
0.29 seconds elapsed

-----   END   hlcsg -----



hlbsp v3.4 VL34 64-bit (Aug 17 2015)
Zoner's Half-Life Compilation Tools -- Custom Build
Based on code modifications by Sean 'Zoner' Cavanaugh
Based on Valve's version, modified with permission.
Submit detailed bug reports to (vluzacn@163.com)
-----  BEGIN  hlbsp -----
Command line: "C:\Users\ethan\OneDrive\Desktop\NZP Map Making tools\tools\hlbsp_x64.exe" "C:\Users\ethan\OneDrive\Desktop\NZP Map Making tools\nazi-zombies-portable-windows-x86_64\nzp\maps/titanic.map" 
Arguments: "C:\Users\ethan\OneDrive\Desktop\NZP Map Making tools\nazi-zombies-portable-windows-x86_64\nzp\maps/titanic.map" -low -chart 

Current hlbsp Settings
Name               |  Setting  |  Default
-------------------|-----------|-------------------------
threads             [      16 ] [  Varies ]
verbose             [     off ] [     off ]
log                 [      on ] [      on ]
developer           [       0 ] [       0 ]
chart               [      on ] [     off ]
estimate            [     off ] [     off ]
max texture memory  [ 33554432 ] [ 33554432 ]
priority            [     Low ] [  Normal ]

noclip              [     off ] [     off ]
nofill              [     off ] [     off ]
noinsidefill        [     off ] [     off ]
noopt               [     off ] [     off ]
no clipnode merging [     off ] [     off ]
null tex. stripping [      on ] [      on ]
notjunc             [     off ] [     off ]
nobrink             [     off ] [     off ]
subdivide size      [     240 ] [     240 ] (Min 64) (Max 512)
max node size       [    1024 ] [    1024 ] (Min 64) (Max 65536)
remove hull 2       [     off ] [     off ]


SolidBSP [hull 0] 500...1000...1309 (0.21 seconds)
BSP generation successful, writing portal file 'C:\Users\ethan\OneDrive\Desktop\NZP Map Making tools\nazi-zombies-portable-windows-x86_64\nzp\maps\titanic.prt'
SolidBSP [hull 1] 500...1000...1383 (0.17 seconds)
SolidBSP [hull 2] 500...1000...1274 (0.16 seconds)
SolidBSP [hull 3] 500...1000...1427 (0.18 seconds)
Reduced 3886 clipnodes to 3476
Reduced 764 texinfos to 556
Reduced 16 texdatas to 16 (167420 bytes to 167420)
Reduced 3834 planes to 1473
FixBrinks:
Increased 3476 clipnodes to 3507.

Object names  Objects/Maxobjs  Memory / Maxmem  Fullness
------------  ---------------  ---------------  --------
models             16/512         1024/32768    ( 3.1%)
planes           1473/32768      29460/655360   ( 4.5%)
vertexes         7047/65535      84564/786420   (10.8%)
nodes            1277/32767      30648/786408   ( 3.9%)
texinfos          556/32767      22240/1310680  ( 1.7%)
faces            5191/65535     103820/1310700  ( 7.9%)
* worldfaces     5101/32768          0/0        (15.6%)
clipnodes        3507/32767      28056/262136   (10.7%)
leaves            760/32760      21280/917280   ( 2.3%)
* worldleaves     669/8192           0/0        ( 8.2%)
marksurfaces     6230/65535      12460/131070   ( 9.5%)
surfedges       24918/512000     99672/2048000  ( 4.9%)
edges           12534/256000     50136/1024000  ( 4.9%)
texdata          [variable]     167420/33554432 ( 0.5%)
lightdata        [variable]          0/50331648 ( 0.0%)
visdata          [variable]          0/8388608  ( 0.0%)
entdata          [variable]       8258/2097152  ( 0.4%)
* AllocBlock       34/64             0/0        (53.1%)
16 textures referenced
=== Total BSP file data space used: 659038 bytes ===
Wad files required to run the map: (None)
1.42 seconds elapsed

-----   END   hlbsp -----



hlvis v3.4 VL34 64-bit (Aug 17 2015)
Zoner's Half-Life Compilation Tools -- Custom Build
Based on code modifications by Sean 'Zoner' Cavanaugh
Based on Valve's version, modified with permission.
Submit detailed bug reports to (vluzacn@163.com)
-----  BEGIN  hlvis -----
Command line: "C:\Users\ethan\OneDrive\Desktop\NZP Map Making tools\tools\hlvis_x64.exe" "C:\Users\ethan\OneDrive\Desktop\NZP Map Making tools\nazi-zombies-portable-windows-x86_64\nzp\maps/titanic.bsp" -full 
Arguments: "C:\Users\ethan\OneDrive\Desktop\NZP Map Making tools\nazi-zombies-portable-windows-x86_64\nzp\maps/titanic.bsp" -full -low 
 669 portalleafs
2002 numportals

-= Current hlvis Settings =-
Name               |  Setting  |  Default
-------------------|-----------|-------------------------
threads             [      16 ] [  Varies ]
verbose             [     off ] [     off ]
log                 [      on ] [      on ]
developer           [       0 ] [       0 ]
chart               [     off ] [     off ]
estimate            [     off ] [     off ]
max texture memory  [ 33554432 ] [ 33554432 ]
max vis distance    [       0 ] [       0 ]
priority            [     Low ] [  Normal ]

fast vis            [     off ] [     off ]
full vis            [      on ] [     off ]


BasePortalVis:
 (0.05 seconds)
LeafThread:
 (2.64 seconds)
average leafs visible: 144
g_visdatasize:35110  compressed from 56196
2.71 seconds elapsed

-----   END   hlvis -----



hlrad v3.4 VL34 64-bit (Aug 17 2015)
Zoner's Half-Life Compilation Tools -- Custom Build
Based on code modifications by Sean 'Zoner' Cavanaugh
Based on Valve's version, modified with permission.
Submit detailed bug reports to (vluzacn@163.com)
-----  BEGIN  hlrad -----
Command line: "C:\Users\ethan\OneDrive\Desktop\NZP Map Making tools\tools\hlrad_x64.exe" -extra "C:\Users\ethan\OneDrive\Desktop\NZP Map Making tools\nazi-zombies-portable-windows-x86_64\nzp\maps/titanic.bsp" 
Arguments: -extra "C:\Users\ethan\OneDrive\Desktop\NZP Map Making tools\nazi-zombies-portable-windows-x86_64\nzp\maps/titanic.bsp" -low 

-= Current hlrad Settings =-
Name                | Setting             | Default
--------------------|---------------------|-------------------------
threads              [                16 ] [            Varies ]
verbose              [               off ] [               off ]
log                  [                on ] [                on ]
developer            [                 0 ] [                 0 ]
chart                [               off ] [               off ]
estimate             [               off ] [               off ]
max texture memory   [          33554432 ] [          33554432 ]
max lighting memory  [          50331648 ] [          50331648 ]
priority             [               Low ] [            Normal ]

fast rad             [               off ] [               off ]
vismatrix algorithm  [            Sparse ] [            Sparse ]
oversampling (-extra)[                on ] [               off ]
bounces              [                 8 ] [                 8 ]
ambient light        [ 0.000 0.000 0.000 ] [ 0.000 0.000 0.000 ]
light limit threshold[           188.000 ] [           188.000 ]
circus mode          [               off ] [               off ]

smoothing threshold  [            50.000 ] [            50.000 ]
smoothing threshold 2[         no change ] [         no change ]
direct threshold     [            10.000 ] [            10.000 ]
direct light scale   [             1.000 ] [             1.000 ]
coring threshold     [             0.010 ] [             0.010 ]
patch interpolation  [                on ] [                on ]

texscale             [                on ] [                on ]
patch subdividing    [                on ] [                on ]
chop value           [            64.000 ] [            64.000 ]
texchop value        [            32.000 ] [            32.000 ]

global fade          [             1.000 ] [             1.000 ]
global texlight gap  [             0.000 ] [             0.000 ]
global light scale   [ 2.000 2.000 2.000 ] [ 2.000 2.000 2.000 ]
global gamma         [ 0.550 0.550 0.550 ] [ 0.550 0.550 0.550 ]
global light scale   [             2.000 ] [             2.000 ]
global sky diffusion [             1.000 ] [             1.000 ]

spread angles        [                on ] [                on ]
opaque entities      [                on ] [                on ]
sky lighting fix     [                on ] [                on ]
incremental          [               off ] [               off ]
dump                 [               off ] [               off ]

colour jitter        [       0.0 0.0 0.0 ] [       0.0 0.0 0.0 ]
monochromatic jitter [       0.0 0.0 0.0 ] [       0.0 0.0 0.0 ]

custom shadows with bounce light
                     [               off ] [               off ]
rgb transfers        [               off ] [               off ]
minimum final light  [                 0 ] [                 0 ]
size of transfer     [         1 (16bit) ] [         1 (16bit) ]
size of rgbtransfer  [         2 (32bit) ] [         2 (32bit) ]
soft sky             [                on ] [                on ]
translucent depth    [             2.000 ] [             2.000 ]
block opaque         [                on ] [                on ]
ignore textures      [               off ] [               off ]
reflectivity gamma   [             1.760 ] [             1.760 ]
reflectivity scale   [             0.700 ] [             0.700 ]
blur size            [             1.500 ] [             1.500 ]
no emitter range     [               off ] [               off ]
wall bleeding fix    [                on ] [                on ]


Load Textures:
16 textures referenced
Reading texlights from 'C:\Users\ethan\OneDrive\Desktop\NZP Map Making tools\tools\lights.rad'
0 opaque models
0 opaque faces
5191 faces
Create Patches : 36295 base patches
695037 square feet [100085352.00 square inches]
33 direct lights and 16386 fast direct lights
2 light styles

FindFacePositions:
 (0.81 seconds)
BuildFacelights:
 (14.91 seconds)
BuildVisLeafs:
 (23.17 seconds)
visibility matrix   : 100.7 megs
MakeScales:
 (12.53 seconds)
Transfer Lists :   280926982 :   280.93M transfers
       Indices :    36922396 :    35.21M bytes
          Data :   561962831 :   535.93M bytes
Bounce 1 GatherLight:
 (0.87 seconds)
Bounce 2 GatherLight:
 (0.92 seconds)
Bounce 3 GatherLight:
 (0.89 seconds)
Bounce 4 GatherLight:
 (0.90 seconds)
Bounce 5 GatherLight:
 (0.91 seconds)
Bounce 6 GatherLight:
 (0.95 seconds)
Bounce 7 GatherLight:
 (0.91 seconds)
Bounce 8 GatherLight:
 (0.94 seconds)
CreateTriangulations:
 (0.10 seconds)
AddPatchLights:
 (3.32 seconds)
FinalLightFace:
 (0.01 seconds)
62.67 seconds elapsed [1m 2s]

-----   END   hlrad -----



